c:\users\bartek\desktop\sdi project extras\six degrees of seperation\six degrees of seperation\x64\release\tvserie.obj
c:\users\bartek\desktop\sdi project extras\six degrees of seperation\six degrees of seperation\x64\release\sixdegreesofseperation.obj
c:\users\bartek\desktop\sdi project extras\six degrees of seperation\six degrees of seperation\x64\release\seperationdialog.obj
c:\users\bartek\desktop\sdi project extras\six degrees of seperation\six degrees of seperation\x64\release\movieinfo.obj
c:\users\bartek\desktop\sdi project extras\six degrees of seperation\six degrees of seperation\x64\release\moviedialog.obj
c:\users\bartek\desktop\sdi project extras\six degrees of seperation\six degrees of seperation\x64\release\movie.obj
c:\users\bartek\desktop\sdi project extras\six degrees of seperation\six degrees of seperation\x64\release\main.obj
c:\users\bartek\desktop\sdi project extras\six degrees of seperation\six degrees of seperation\x64\release\moc_sixdegreesofseperation.obj
c:\users\bartek\desktop\sdi project extras\six degrees of seperation\six degrees of seperation\x64\release\episode.obj
c:\users\bartek\desktop\sdi project extras\six degrees of seperation\six degrees of seperation\x64\release\custommovielistobject.obj
c:\users\bartek\desktop\sdi project extras\six degrees of seperation\six degrees of seperation\x64\release\customactorlistobject.obj
c:\users\bartek\desktop\sdi project extras\six degrees of seperation\six degrees of seperation\x64\release\bfs.obj
c:\users\bartek\desktop\sdi project extras\six degrees of seperation\six degrees of seperation\x64\release\actorinfo.obj
c:\users\bartek\desktop\sdi project extras\six degrees of seperation\six degrees of seperation\x64\release\actordialog.obj
c:\users\bartek\desktop\sdi project extras\six degrees of seperation\six degrees of seperation\x64\release\actor.obj
c:\users\bartek\desktop\sdi project extras\six degrees of seperation\six degrees of seperation\x64\release\qrc_sixdegreesofseperation.obj
c:\users\bartek\desktop\sdi project extras\six degrees of seperation\six degrees of seperation\x64\release\episodeinfo.obj
c:\users\bartek\desktop\sdi project extras\six degrees of seperation\six degrees of seperation\x64\release\customepisodelistobject.obj
c:\users\bartek\desktop\sdi project extras\six degrees of seperation\six degrees of seperation\generatedfiles\ui_sixdegreesofseperation.h
c:\users\bartek\desktop\sdi project extras\six degrees of seperation\six degrees of seperation\generatedfiles\qrc_sixdegreesofseperation.cpp
c:\users\bartek\desktop\sdi project extras\six degrees of seperation\six degrees of seperation\generatedfiles\ui_moviedialog.h
c:\users\bartek\desktop\sdi project extras\six degrees of seperation\six degrees of seperation\generatedfiles\ui_actordialog.h
c:\users\bartek\desktop\sdi project extras\six degrees of seperation\six degrees of seperation\generatedfiles\ui_seperationdialog.h
c:\users\bartek\desktop\sdi project extras\six degrees of seperation\six degrees of seperation\generatedfiles\ui_actorinfodialog.h
c:\users\bartek\desktop\sdi project extras\six degrees of seperation\six degrees of seperation\generatedfiles\ui_movieinfodialog.h
c:\users\bartek\desktop\sdi project extras\six degrees of seperation\six degrees of seperation\generatedfiles\release\moc_sixdegreesofseperation.cpp
c:\users\bartek\desktop\sdi project extras\six degrees of seperation\six degrees of seperation\generatedfiles\ui_episodeinfodialog.h
c:\users\bartek\desktop\sdi project extras\six degrees of seperation\x64\release\six degrees of seperation.exe
c:\users\bartek\desktop\sdi project extras\six degrees of seperation\six degrees of seperation\x64\release\six degr.b12702ad.tlog\cl.command.1.tlog
c:\users\bartek\desktop\sdi project extras\six degrees of seperation\six degrees of seperation\x64\release\six degr.b12702ad.tlog\cl.read.1.tlog
c:\users\bartek\desktop\sdi project extras\six degrees of seperation\six degrees of seperation\x64\release\six degr.b12702ad.tlog\cl.write.1.tlog
c:\users\bartek\desktop\sdi project extras\six degrees of seperation\six degrees of seperation\x64\release\six degr.b12702ad.tlog\custombuild.command.1.tlog
c:\users\bartek\desktop\sdi project extras\six degrees of seperation\six degrees of seperation\x64\release\six degr.b12702ad.tlog\custombuild.read.1.tlog
c:\users\bartek\desktop\sdi project extras\six degrees of seperation\six degrees of seperation\x64\release\six degr.b12702ad.tlog\custombuild.write.1.tlog
c:\users\bartek\desktop\sdi project extras\six degrees of seperation\six degrees of seperation\x64\release\six degr.b12702ad.tlog\link.command.1.tlog
c:\users\bartek\desktop\sdi project extras\six degrees of seperation\six degrees of seperation\x64\release\six degr.b12702ad.tlog\link.read.1.tlog
c:\users\bartek\desktop\sdi project extras\six degrees of seperation\six degrees of seperation\x64\release\six degr.b12702ad.tlog\link.write.1.tlog
